<?xml version="1.0" encoding="UTF-8"?>
<!-- Generated by org.testng.reporters.JUnitXMLReporter -->
<testsuite ignored="0" hostname="UTILISA-9H28Q3B" failures="0" tests="6" name="Command line test" time="0.176" errors="0" timestamp="12 mars 2021 15:48:08 GMT">
  <testcase classname="classes.GardenerTest" name="testAdd" time="0.057"/>
  <testcase classname="classes.GardenerTest" name="testPlant_vegetable" time="0.033"/>
  <testcase classname="classes.GardenTest" name="constructorTest" time="0.001"/>
  <testcase classname="classes.GardenTest" name="set_vegetablesTest" time="0.018"/>
  <testcase classname="classes.Vegetables.VegetableTest" name="testConstructor" time="0.0"/>
  <testcase classname="classes.Vegetables.VegetableTest" name="testGrow" time="0.0"/>
</testsuite> <!-- Command line test -->
