<?xml version="1.0" encoding="UTF-8"?>
<testng-results ignored="0" total="6" passed="6" failed="0" skipped="0">
  <reporter-output>
  </reporter-output>
  <suite started-at="2021-03-23T16:42:04Z" name="SUITE_TESTS_PROJECT" finished-at="2021-03-23T16:42:04Z" duration-ms="143">
    <groups>
    </groups>
    <test started-at="2021-03-23T16:42:04Z" name="TESTS POOLO LE JARDINIER" finished-at="2021-03-23T16:42:04Z" duration-ms="143">
      <class name="classes.Vegetables.VegetableTest">
        <test-method signature="testConstructor()[pri:0, instance:classes.Vegetables.VegetableTest@179ece50]" started-at="2021-03-23T16:42:04Z" name="testConstructor" finished-at="2021-03-23T16:42:04Z" duration-ms="1" status="PASS">
          <reporter-output>
          </reporter-output>
        </test-method> <!-- testConstructor -->
        <test-method signature="testGrow()[pri:0, instance:classes.Vegetables.VegetableTest@179ece50]" started-at="2021-03-23T16:42:04Z" name="testGrow" finished-at="2021-03-23T16:42:04Z" duration-ms="1" status="PASS">
          <reporter-output>
          </reporter-output>
        </test-method> <!-- testGrow -->
      </class> <!-- classes.Vegetables.VegetableTest -->
      <class name="classes.GardenerTest">
        <test-method signature="testAdd()[pri:0, instance:classes.GardenerTest@6f03482]" started-at="2021-03-23T16:42:04Z" name="testAdd" finished-at="2021-03-23T16:42:04Z" duration-ms="56" status="PASS">
          <reporter-output>
          </reporter-output>
        </test-method> <!-- testAdd -->
        <test-method signature="testPlant_vegetable()[pri:0, instance:classes.GardenerTest@6f03482]" started-at="2021-03-23T16:42:04Z" name="testPlant_vegetable" finished-at="2021-03-23T16:42:04Z" duration-ms="17" status="PASS">
          <reporter-output>
          </reporter-output>
        </test-method> <!-- testPlant_vegetable -->
      </class> <!-- classes.GardenerTest -->
      <class name="classes.GardenTest">
        <test-method signature="constructorTest()[pri:0, instance:classes.GardenTest@9d5509a]" started-at="2021-03-23T16:42:04Z" name="constructorTest" finished-at="2021-03-23T16:42:04Z" duration-ms="1" status="PASS">
          <reporter-output>
          </reporter-output>
        </test-method> <!-- constructorTest -->
        <test-method signature="set_vegetablesTest()[pri:0, instance:classes.GardenTest@9d5509a]" started-at="2021-03-23T16:42:04Z" name="set_vegetablesTest" finished-at="2021-03-23T16:42:04Z" duration-ms="12" status="PASS">
          <reporter-output>
          </reporter-output>
        </test-method> <!-- set_vegetablesTest -->
      </class> <!-- classes.GardenTest -->
    </test> <!-- TESTS POOLO LE JARDINIER -->
  </suite> <!-- SUITE_TESTS_PROJECT -->
</testng-results>
