<?xml version="1.0" encoding="UTF-8"?>
<testsuite xmlns:xsi="http://www.w3.org/2001/XMLSchema-instance" xsi:noNamespaceSchemaLocation="https://maven.apache.org/surefire/maven-surefire-plugin/xsd/surefire-test-report-3.0.xsd" version="3.0" name="TestSuite" time="1.526" tests="6" errors="0" skipped="0" failures="0">
  <properties>
[...]
</properties>
  <testcase name="testAdd" classname="classes.GardenerTest" time="0.057"/>
  <testcase name="testPlant_vegetable" classname="classes.GardenerTest" time="0.015"/>
  <testcase name="constructorTest" classname="classes.GardenTest" time="0"/>
  <testcase name="set_vegetablesTest" classname="classes.GardenTest" time="0.012"/>
  <testcase name="testConstructor" classname="classes.Vegetables.VegetableTest" time="0"/>
  <testcase name="testGrow" classname="classes.Vegetables.VegetableTest" time="0.001"/>
</testsuite>